\BOOKMARK [0][-]{chapter*.1}{\376\377\000A\000c\000k\000n\000o\000w\000l\000e\000d\000g\000e\000m\000e\000n\000t\000s}{}% 1
\BOOKMARK [0][-]{section*.2}{\376\377\000A\000b\000s\000t\000r\000a\000c\000t}{}% 2
\BOOKMARK [0][-]{section*.3}{\376\377\000C\000o\000n\000t\000e\000n\000t\000s}{}% 3
\BOOKMARK [0][-]{section*.4}{\376\377\000L\000i\000s\000t\000\040\000o\000f\000\040\000T\000a\000b\000l\000e\000s}{}% 4
\BOOKMARK [0][-]{section*.5}{\376\377\000L\000i\000s\000t\000\040\000o\000f\000\040\000F\000i\000g\000u\000r\000e\000s}{}% 5
\BOOKMARK [0][-]{chapter*.6}{\376\377\000P\000r\000e\000f\000a\000c\000e}{}% 6
\BOOKMARK [0][-]{chapter.1}{\376\377\000I\000n\000t\000r\000o\000d\000u\000c\000t\000i\000o\000n}{}% 7
\BOOKMARK [0][-]{chapter.2}{\376\377\000T\000h\000e\000o\000r\000e\000t\000i\000c\000a\000l\000\040\000F\000r\000a\000m\000e\000w\000o\000r\000k}{}% 8
\BOOKMARK [1][-]{section.2.1}{\376\377\000Q\000u\000a\000n\000t\000u\000m\000\040\000F\000i\000e\000l\000d\000\040\000T\000h\000e\000o\000r\000y}{chapter.2}% 9
\BOOKMARK [1][-]{section.2.2}{\376\377\000T\000h\000e\000\040\000S\000t\000a\000n\000d\000a\000r\000d\000\040\000M\000o\000d\000e\000l}{chapter.2}% 10
\BOOKMARK [2][-]{subsection.2.2.1}{\376\377\000Q\000u\000a\000n\000t\000u\000m\000\040\000C\000h\000r\000o\000m\000o\000d\000y\000n\000a\000m\000i\000c\000s}{section.2.2}% 11
\BOOKMARK [2][-]{subsection.2.2.2}{\376\377\000E\000l\000e\000c\000t\000r\000o\000w\000e\000a\000k\000\040\000U\000n\000i\000f\000i\000c\000a\000t\000i\000o\000n}{section.2.2}% 12
\BOOKMARK [2][-]{subsection.2.2.3}{\376\377\000S\000p\000o\000n\000t\000a\000n\000e\000o\000u\000s\000\040\000S\000y\000m\000m\000e\000t\000r\000y\000\040\000B\000r\000e\000a\000k\000i\000n\000g\000\040\000a\000n\000d\000\040\000t\000h\000e\000\040\000H\000i\000g\000g\000s\000\040\000M\000e\000c\000h\000a\000n\000i\000s\000m}{section.2.2}% 13
\BOOKMARK [2][-]{subsection.2.2.4}{\376\377\000T\000h\000e\000\040\000S\000t\000a\000n\000d\000a\000r\000d\000\040\000M\000o\000d\000e\000l\000\040\000L\000a\000g\000r\000a\000n\000g\000i\000a\000n}{section.2.2}% 14
\BOOKMARK [1][-]{section.2.3}{\376\377\000S\000u\000p\000e\000r\000s\000y\000m\000m\000e\000t\000r\000y}{chapter.2}% 15
\BOOKMARK [2][-]{subsection.2.3.1}{\376\377\000R\000-\000p\000a\000r\000i\000t\000y}{section.2.3}% 16
\BOOKMARK [1][-]{section.2.4}{\376\377\000T\000h\000e\000\040\000B\000-\000L\000\040\000M\000i\000n\000i\000m\000a\000l\000\040\000S\000u\000p\000e\000r\000s\000y\000m\000m\000e\000t\000r\000i\000c\000\040\000S\000t\000a\000n\000d\000a\000r\000d\000\040\000M\000o\000d\000e\000l}{chapter.2}% 17
\BOOKMARK [2][-]{subsection.2.4.1}{\376\377\000P\000h\000e\000n\000o\000m\000e\000n\000o\000l\000o\000g\000y\000\040\000o\000f\000\040\000a\000\040\000B\000r\000o\000k\000e\000n\000\040\000B\000-\000L\000\040\000S\000y\000m\000m\000e\000t\000r\000y}{section.2.4}% 18
\BOOKMARK [0][-]{chapter.3}{\376\377\000L\000H\000C\000\040\000a\000n\000d\000\040\000t\000h\000e\000\040\000A\000T\000L\000A\000S\000\040\000D\000e\000t\000e\000c\000t\000o\000r}{}% 19
\BOOKMARK [1][-]{section.3.1}{\376\377\000T\000h\000e\000\040\000L\000a\000r\000g\000e\000\040\000H\000a\000d\000r\000o\000n\000\040\000C\000o\000l\000l\000i\000d\000e\000r}{chapter.3}% 20
\BOOKMARK [2][-]{subsection.3.1.1}{\376\377\000M\000a\000g\000n\000e\000t\000s}{section.3.1}% 21
\BOOKMARK [2][-]{subsection.3.1.2}{\376\377\000B\000e\000a\000m\000s\000,\000\040\000B\000u\000c\000k\000e\000t\000s\000,\000\040\000a\000n\000d\000\040\000B\000u\000n\000c\000h\000e\000s}{section.3.1}% 22
\BOOKMARK [2][-]{subsection.3.1.3}{\376\377\000P\000i\000l\000e\000u\000p}{section.3.1}% 23
\BOOKMARK [1][-]{section.3.2}{\376\377\000T\000h\000e\000\040\000A\000T\000L\000A\000S\000\040\000D\000e\000t\000e\000c\000t\000o\000r}{chapter.3}% 24
\BOOKMARK [2][-]{subsection.3.2.1}{\376\377\000T\000h\000e\000\040\000I\000n\000n\000e\000r\000\040\000D\000e\000t\000e\000c\000t\000o\000r}{section.3.2}% 25
\BOOKMARK [3][-]{subsubsection.3.2.1.1}{\376\377\000P\000i\000x\000e\000l\000\040\000D\000e\000t\000e\000c\000t\000o\000r}{subsection.3.2.1}% 26
\BOOKMARK [3][-]{subsubsection.3.2.1.2}{\376\377\000S\000e\000m\000i\000c\000o\000n\000d\000u\000c\000t\000o\000r\000\040\000T\000r\000a\000c\000k\000e\000r}{subsection.3.2.1}% 27
\BOOKMARK [3][-]{subsubsection.3.2.1.3}{\376\377\000T\000r\000a\000n\000s\000i\000t\000i\000o\000n\000\040\000R\000a\000d\000i\000a\000t\000i\000o\000n\000\040\000T\000r\000a\000c\000k\000e\000r}{subsection.3.2.1}% 28
\BOOKMARK [2][-]{subsection.3.2.2}{\376\377\000T\000h\000e\000\040\000C\000a\000l\000o\000r\000i\000m\000e\000t\000e\000r\000s}{section.3.2}% 29
\BOOKMARK [3][-]{subsubsection.3.2.2.1}{\376\377\000L\000i\000q\000u\000i\000d\000\040\000A\000r\000g\000o\000n\000\040\000C\000a\000l\000o\000r\000i\000m\000e\000t\000e\000r\000s}{subsection.3.2.2}% 30
\BOOKMARK [3][-]{subsubsection.3.2.2.2}{\376\377\000T\000i\000l\000e\000\040\000C\000a\000l\000o\000r\000i\000m\000e\000t\000e\000r}{subsection.3.2.2}% 31
\BOOKMARK [2][-]{subsection.3.2.3}{\376\377\000T\000h\000e\000\040\000M\000u\000o\000n\000\040\000S\000p\000e\000c\000t\000r\000o\000m\000e\000t\000e\000r}{section.3.2}% 32
\BOOKMARK [1][-]{section.3.3}{\376\377\000O\000b\000j\000e\000c\000t\000\040\000R\000e\000c\000o\000n\000s\000t\000r\000u\000c\000t\000i\000o\000n\000\040\000a\000n\000d\000\040\000I\000d\000e\000n\000t\000i\000f\000i\000c\000a\000t\000i\000o\000n}{chapter.3}% 33
\BOOKMARK [2][-]{subsection.3.3.1}{\376\377\000E\000l\000e\000c\000t\000r\000o\000n\000s\000\040\000a\000n\000d\000\040\000P\000h\000o\000t\000o\000n\000s}{section.3.3}% 34
\BOOKMARK [2][-]{subsection.3.3.2}{\376\377\000M\000u\000o\000n\000s}{section.3.3}% 35
\BOOKMARK [2][-]{subsection.3.3.3}{\376\377\000H\000a\000d\000r\000o\000n\000s\000\040\000a\000n\000d\000\040\000J\000e\000t\000s}{section.3.3}% 36
\BOOKMARK [2][-]{subsection.3.3.4}{\376\377\000M\000i\000s\000s\000i\000n\000g\000\040\000T\000r\000a\000n\000s\000v\000e\000r\000s\000e\000\040\000E\000n\000e\000r\000g\000y}{section.3.3}% 37
\BOOKMARK [1][-]{section.3.4}{\376\377\000T\000h\000e\000\040\000T\000r\000i\000g\000g\000e\000r\000\040\000S\000y\000s\000t\000e\000m}{chapter.3}% 38
\BOOKMARK [0][-]{chapter.4}{\376\377\000T\000h\000e\000s\000e\000\040\000a\000r\000e\000\040\000E\000l\000e\000c\000t\000r\000o\000n\000s\000:\000\040\000I\000d\000e\000n\000t\000i\000f\000y\000i\000n\000g\000\040\000E\000l\000e\000c\000t\000r\000o\000n\000s\000\040\000a\000t\000\040\000A\000T\000L\000A\000S}{}% 39
\BOOKMARK [1][-]{section.4.1}{\376\377\000I\000n\000t\000r\000o\000d\000u\000c\000t\000i\000o\000n}{chapter.4}% 40
\BOOKMARK [1][-]{section.4.2}{\376\377\000E\000l\000e\000c\000t\000r\000o\000n\000-\000E\000f\000f\000i\000c\000i\000e\000n\000c\000y\000\040\000M\000e\000a\000s\000u\000r\000e\000m\000e\000n\000t\000s}{chapter.4}% 41
\BOOKMARK [1][-]{section.4.3}{\376\377\000T\000o\000p\000o\000-\000C\000l\000u\000s\000t\000e\000r\000\040\000R\000e\000c\000o\000n\000s\000t\000r\000u\000c\000t\000i\000o\000n}{chapter.4}% 42
\BOOKMARK [1][-]{section.4.4}{\376\377\000E\000l\000e\000c\000t\000r\000o\000n\000\040\000C\000a\000n\000d\000i\000d\000a\000t\000e\000\040\000R\000e\000c\000o\000n\000s\000t\000r\000u\000c\000t\000i\000o\000n}{chapter.4}% 43
\BOOKMARK [2][-]{subsection.4.4.1}{\376\377\000S\000l\000i\000d\000i\000n\000g\000-\000W\000i\000n\000d\000o\000w}{section.4.4}% 44
\BOOKMARK [2][-]{subsection.4.4.2}{\376\377\000S\000u\000p\000e\000r\000c\000l\000u\000s\000t\000e\000r\000s}{section.4.4}% 45
\BOOKMARK [2][-]{subsection.4.4.3}{\376\377\000T\000r\000a\000c\000k\000\040\000R\000e\000c\000o\000n\000s\000t\000r\000u\000c\000t\000i\000o\000n}{section.4.4}% 46
\BOOKMARK [2][-]{subsection.4.4.4}{\376\377\000E\000l\000e\000c\000t\000r\000o\000n\000\040\000s\000p\000e\000c\000i\000f\000i\000c\000\040\000t\000r\000a\000c\000k\000\040\000r\000e\000-\000f\000i\000t}{section.4.4}% 47
\BOOKMARK [2][-]{subsection.4.4.5}{\376\377\000T\000r\000a\000c\000k\000-\000C\000l\000u\000s\000t\000e\000r\000\040\000M\000a\000t\000c\000h\000i\000n\000g}{section.4.4}% 48
\BOOKMARK [1][-]{section.4.5}{\376\377\000E\000l\000e\000c\000t\000r\000o\000n\000\040\000I\000d\000e\000n\000t\000i\000f\000i\000c\000a\000t\000i\000o\000n}{chapter.4}% 49
\BOOKMARK [2][-]{subsection.4.5.1}{\376\377\000T\000h\000e\000\040\000E\000l\000e\000c\000t\000r\000o\000n\000\040\000L\000i\000k\000e\000l\000i\000h\000o\000o\000d\000\040\000\050\000L\000H\000\051}{section.4.5}% 50
\BOOKMARK [2][-]{subsection.4.5.2}{\376\377\000L\000H\000\040\000C\000a\000l\000o\000r\000i\000m\000e\000t\000e\000r\000\040\000V\000a\000r\000i\000a\000b\000l\000e\000s}{section.4.5}% 51
\BOOKMARK [2][-]{subsection.4.5.3}{\376\377\000L\000H\000\040\000T\000r\000a\000c\000k\000i\000n\000g\000\040\000V\000a\000r\000i\000a\000b\000l\000e\000s}{section.4.5}% 52
\BOOKMARK [2][-]{subsection.4.5.4}{\376\377\000L\000H\000\040\000T\000r\000a\000c\000k\000-\000C\000l\000u\000s\000t\000e\000r\000\040\000M\000a\000t\000c\000h\000i\000n\000g\000\040\000V\000a\000r\000i\000a\000b\000l\000e\000s}{section.4.5}% 53
\BOOKMARK [2][-]{subsection.4.5.5}{\376\377\000N\000o\000n\000-\000L\000H\000\040\000V\000a\000r\000i\000a\000b\000l\000e\000s}{section.4.5}% 54
\BOOKMARK [2][-]{subsection.4.5.6}{\376\377\000C\000o\000n\000s\000t\000r\000u\000c\000t\000i\000n\000g\000\040\000t\000h\000e\000\040\000p\000d\000f\000s}{section.4.5}% 55
\BOOKMARK [3][-]{subsubsection.4.5.6.1}{\376\377\000B\000i\000n\000n\000i\000n\000g\000\040\000i\000n\000\040\000E\000T\000\040\000a\000n\000d\000\040}{subsection.4.5.6}% 56
\BOOKMARK [3][-]{subsubsection.4.5.6.2}{\376\377\000S\000m\000o\000o\000t\000h\000i\000n\000g\000:\000\040\000A\000d\000a\000p\000t\000i\000v\000e\000\040\000K\000e\000r\000n\000e\000l\000\040\000D\000e\000n\000s\000i\000t\000y\000\040\000E\000s\000t\000i\000m\000a\000t\000i\000o\000n\000\040\000\050\000K\000D\000E\000\051}{subsection.4.5.6}% 57
\BOOKMARK [2][-]{subsection.4.5.7}{\376\377\000B\000e\000i\000n\000g\000\040\000E\000f\000f\000i\000c\000i\000e\000n\000t\000\040\000i\000n\000\040\000a\000\040\000C\000h\000a\000n\000g\000i\000n\000g\000\040\000E\000n\000v\000i\000r\000o\000n\000m\000e\000n\000t}{section.4.5}% 58
\BOOKMARK [3][-]{subsubsection.4.5.7.1}{\376\377\000P\000i\000l\000e\000u\000p\000\040\000D\000e\000p\000e\000n\000d\000e\000n\000c\000e\000\040\000o\000f\000\040\000D\000i\000s\000c\000r\000i\000m\000i\000n\000a\000t\000i\000n\000g\000\040\000V\000a\000r\000i\000a\000b\000l\000e\000s}{subsection.4.5.7}% 59
\BOOKMARK [3][-]{subsubsection.4.5.7.2}{\376\377\000A\000l\000t\000e\000r\000n\000a\000t\000i\000v\000e\000\040\000p\000i\000l\000e\000u\000p\000\040\000m\000e\000a\000s\000u\000r\000e\000s\000:\000\040\000T\000R\000T\000\040\000L\000o\000c\000a\000l\000\040\000T\000r\000a\000c\000k\000\040\000O\000c\000c\000u\000p\000a\000n\000c\000y}{subsection.4.5.7}% 60
\BOOKMARK [2][-]{subsection.4.5.8}{\376\377\000T\000u\000n\000i\000n\000g\000\040\000t\000h\000e\000\040\000E\000l\000e\000c\000t\000r\000o\000n\000\040\000L\000H}{section.4.5}% 61
\BOOKMARK [2][-]{subsection.4.5.9}{\376\377\000L\000H\000-\000i\000d\000e\000n\000t\000i\000f\000i\000c\000a\000t\000i\000o\000n\000\040\000O\000p\000e\000r\000a\000t\000i\000n\000g\000\040\000P\000o\000i\000n\000t\000s}{section.4.5}% 62
\BOOKMARK [2][-]{subsection.4.5.10}{\376\377\000T\000h\000e\000\040\000T\000r\000i\000g\000g\000e\000r\000\040\000E\000l\000e\000c\000t\000r\000o\000n\000\040\000L\000H}{section.4.5}% 63
\BOOKMARK [3][-]{subsubsection.4.5.10.1}{\376\377\000R\000e\000-\000t\000u\000n\000i\000n\000g\000\040\000t\000h\000e\000\040\000T\000r\000i\000g\000g\000e\000r\000\040\000L\000H\000\040\000f\000o\000r\000\040\000L\000a\000r\000g\000e\000\040\000P\000i\000l\000e\000u\000p\000\040\000E\000n\000v\000i\000r\000o\000n\000m\000e\000n\000t\000s}{subsection.4.5.10}% 64
\BOOKMARK [0][-]{chapter.5}{\376\377\000A\000n\000\040\000E\000x\000e\000r\000c\000i\000s\000e\000\040\000i\000n\000\040\000T\000h\000r\000e\000e\000\040\000L\000e\000p\000t\000o\000n\000\040\000R\000e\000s\000o\000n\000a\000n\000c\000e\000s}{}% 65
\BOOKMARK [1][-]{section.5.1}{\376\377\000A\000n\000a\000l\000y\000s\000i\000s\000\040\000I\000n\000t\000r\000o\000d\000u\000c\000t\000i\000o\000n}{chapter.5}% 66
\BOOKMARK [2][-]{subsection.5.1.1}{\376\377\000P\000h\000e\000n\000o\000m\000e\000n\000o\000l\000o\000g\000i\000c\000a\000l\000\040\000M\000o\000t\000i\000v\000a\000t\000i\000o\000n}{section.5.1}% 67
\BOOKMARK [1][-]{section.5.2}{\376\377\000A\000n\000a\000l\000y\000s\000i\000s\000\040\000S\000t\000r\000a\000t\000e\000g\000y}{chapter.5}% 68
\BOOKMARK [2][-]{subsection.5.2.1}{\376\377\000S\000i\000g\000n\000a\000l}{section.5.2}% 69
\BOOKMARK [2][-]{subsection.5.2.2}{\376\377\000B\000a\000c\000k\000g\000r\000o\000u\000n\000d\000s}{section.5.2}% 70
\BOOKMARK [1][-]{section.5.3}{\376\377\000S\000i\000m\000u\000l\000a\000t\000e\000d\000\040\000D\000a\000t\000a\000:\000\040\000M\000o\000n\000t\000e\000\040\000C\000a\000r\000l\000o\000\040\000G\000e\000n\000e\000r\000a\000t\000i\000o\000n}{chapter.5}% 71
\BOOKMARK [2][-]{subsection.5.3.1}{\376\377\000M\000C\000\040\000S\000p\000e\000c\000i\000f\000i\000c\000a\000t\000i\000o\000n\000s}{section.5.3}% 72
\BOOKMARK [1][-]{section.5.4}{\376\377\000A\000n\000a\000l\000y\000s\000i\000s\000\040\000R\000e\000g\000i\000o\000n\000s}{chapter.5}% 73
\BOOKMARK [2][-]{subsection.5.4.1}{\376\377\000S\000i\000g\000n\000a\000l\000\040\000R\000e\000g\000i\000o\000n\000s}{section.5.4}% 74
\BOOKMARK [3][-]{subsubsection.5.4.1.1}{\376\377\000S\000R\0003}{subsection.5.4.1}% 75
\BOOKMARK [3][-]{subsubsection.5.4.1.2}{\376\377\000S\000R\000F\000R}{subsection.5.4.1}% 76
\BOOKMARK [3][-]{subsubsection.5.4.1.3}{\376\377\000S\000R\0004}{subsection.5.4.1}% 77
\BOOKMARK [2][-]{subsection.5.4.2}{\376\377\000B\000a\000c\000k\000g\000r\000o\000u\000n\000d\000\040\000E\000s\000t\000i\000m\000a\000t\000i\000o\000n\000\040\000a\000n\000d\000\040\000V\000a\000l\000i\000d\000a\000t\000i\000o\000n}{section.5.4}% 78
\BOOKMARK [3][-]{subsubsection.5.4.2.1}{\376\377\000H\000a\000n\000d\000l\000i\000n\000g\000\040\000B\000a\000c\000k\000g\000r\000o\000u\000n\000d\000s\000:\000\040\000f\000a\000k\000e\000\040\000L\000e\000p\000t\000o\000n\000s\000\040}{subsection.5.4.2}% 79
\BOOKMARK [3][-]{subsubsection.5.4.2.2}{\376\377\000H\000a\000n\000d\000l\000i\000n\000g\000\040\000B\000a\000c\000k\000g\000r\000o\000u\000n\000d\000s\000:\000\040\000W\000Z}{subsection.5.4.2}% 80
\BOOKMARK [3][-]{subsubsection.5.4.2.3}{\376\377\000H\000a\000n\000d\000l\000i\000n\000g\000\040\000B\000a\000c\000k\000g\000r\000o\000u\000n\000d\000s\000:\000\040\000Z\000Z}{subsection.5.4.2}% 81
\BOOKMARK [3][-]{subsubsection.5.4.2.4}{\376\377\000H\000a\000n\000d\000l\000i\000n\000g\000\040\000B\000a\000c\000k\000g\000r\000o\000u\000n\000d\000s\000:\000\040\000t\000Z}{subsection.5.4.2}% 82
\BOOKMARK [1][-]{section.5.5}{\376\377\000S\000t\000a\000t\000i\000s\000t\000i\000c\000a\000l\000\040\000T\000r\000e\000a\000t\000m\000e\000n\000t}{chapter.5}% 83
\BOOKMARK [2][-]{subsection.5.5.1}{\376\377\000S\000y\000s\000t\000e\000m\000a\000t\000i\000c\000\040\000U\000n\000c\000e\000r\000t\000a\000i\000n\000t\000i\000e\000s}{section.5.5}% 84
\BOOKMARK [3][-]{subsubsection.5.5.1.1}{\376\377\000M\000C\000\040\000S\000t\000a\000t\000i\000s\000t\000i\000c\000s}{subsection.5.5.1}% 85
\BOOKMARK [3][-]{subsubsection.5.5.1.2}{\376\377\000E\000x\000p\000e\000r\000i\000m\000e\000n\000t\000a\000l\000\040\000U\000n\000c\000e\000r\000t\000a\000i\000n\000t\000i\000e\000s\000\040}{subsection.5.5.1}% 86
\BOOKMARK [3][-]{subsubsection.5.5.1.3}{\376\377\000T\000h\000e\000o\000r\000e\000t\000i\000c\000a\000l\000\040\000U\000n\000c\000e\000r\000t\000a\000i\000n\000t\000i\000e\000s\000\040}{subsection.5.5.1}% 87
\BOOKMARK [3][-]{subsubsection.5.5.1.4}{\376\377\000F\000a\000k\000e\000\040\000L\000e\000p\000t\000o\000n\000\040\000U\000n\000c\000e\000r\000t\000a\000i\000n\000t\000i\000e\000s}{subsection.5.5.1}% 88
\BOOKMARK [3][-]{subsubsection.5.5.1.5}{\376\377\000N\000o\000r\000m\000a\000l\000i\000z\000a\000t\000i\000o\000n\000\040\000U\000n\000c\000e\000r\000t\000a\000i\000n\000t\000i\000e\000s}{subsection.5.5.1}% 89
\BOOKMARK [2][-]{subsection.5.5.2}{\376\377\000F\000i\000t\000\040\000C\000o\000n\000f\000i\000g\000u\000r\000a\000t\000i\000o\000n}{section.5.5}% 90
\BOOKMARK [2][-]{subsection.5.5.3}{\376\377\000B\000a\000c\000k\000g\000r\000o\000u\000n\000d\000-\000O\000n\000l\000y\000\040\000F\000i\000t}{section.5.5}% 91
\BOOKMARK [2][-]{subsection.5.5.4}{\376\377\000M\000o\000d\000e\000l\000\040\000I\000n\000d\000e\000p\000e\000n\000d\000e\000n\000t\000\040\000F\000i\000t}{section.5.5}% 92
\BOOKMARK [2][-]{subsection.5.5.5}{\376\377\000M\000o\000d\000e\000l\000\040\000D\000e\000p\000e\000n\000d\000e\000n\000t\000\040\000F\000i\000t}{section.5.5}% 93
\BOOKMARK [1][-]{section.5.6}{\376\377\000R\000e\000s\000u\000l\000t\000s}{chapter.5}% 94
\BOOKMARK [2][-]{subsection.5.6.1}{\376\377\000M\000o\000d\000e\000l\000-\000I\000n\000d\000e\000p\000e\000n\000d\000e\000n\000t\000\040\000L\000i\000m\000i\000t\000s\000\040\000o\000n\000\040\000N\000e\000w\000\040\000P\000h\000y\000s\000i\000c\000s\000\040\000i\000n\000\040\000I\000n\000c\000l\000u\000s\000i\000v\000e\000\040\000R\000e\000g\000i\000o\000n\000s}{section.5.6}% 95
\BOOKMARK [2][-]{subsection.5.6.2}{\376\377\000M\000a\000s\000s\000\040\000l\000i\000m\000i\000t\000s\000\040\000o\000n\000\040\000B\000-\000L\000\040\000R\000P\000V\000\040\000p\000r\000o\000d\000u\000c\000t\000i\000o\000n}{section.5.6}% 96
\BOOKMARK [2][-]{subsection.5.6.3}{\376\377\000B\000r\000a\000n\000c\000h\000i\000n\000g\000\040\000R\000a\000t\000i\000o\000\040\000L\000i\000m\000i\000t\000s\000\040\000o\000n\000\040\000B\000-\000L\000\040\000p\000r\000o\000d\000u\000c\000t\000i\000o\000n}{section.5.6}% 97
\BOOKMARK [1][-]{section.5.7}{\376\377\000A\000n\000a\000l\000y\000s\000i\000s\000\040\000P\000r\000e\000s\000e\000r\000v\000a\000t\000i\000o\000n\000:\000\040\000B\000u\000i\000l\000d\000i\000n\000g\000\040\000T\000o\000w\000a\000r\000d\000s\000\040\000t\000h\000e\000\040\000`\000`\000D\000o\000\040\000A\000n\000a\000l\000y\000s\000i\000s\000"\000\040\000B\000u\000t\000t\000o\000n}{chapter.5}% 98
\BOOKMARK [2][-]{subsection.5.7.1}{\376\377\000A\000n\000a\000l\000y\000s\000i\000s\000\040\000P\000r\000e\000s\000e\000r\000v\000a\000t\000i\000o\000n\000\040\000f\000o\000r\000\040\000t\000h\000e\000\040\000T\000r\000i\000l\000e\000p\000t\000o\000n\000\040\000R\000e\000s\000o\000n\000a\000n\000c\000e\000\040\000S\000e\000a\000r\000c\000h}{section.5.7}% 99
\BOOKMARK [3][-]{subsubsection.5.7.1.1}{\376\377\000P\000r\000e\000s\000e\000r\000v\000i\000n\000g\000\040\000t\000h\000e\000\040\000D\000a\000t\000a}{subsection.5.7.1}% 100
\BOOKMARK [3][-]{subsubsection.5.7.1.2}{\376\377\000P\000r\000e\000s\000e\000r\000v\000i\000n\000g\000\040\000t\000h\000e\000\040\000A\000n\000a\000l\000y\000s\000i\000s}{subsection.5.7.1}% 101
\BOOKMARK [3][-]{subsubsection.5.7.1.3}{\376\377\000W\000o\000r\000k\000f\000l\000o\000w\000\040\000A\000u\000t\000h\000o\000r\000i\000n\000g}{subsection.5.7.1}% 102
\BOOKMARK [0][-]{chapter.6}{\376\377\000C\000o\000n\000c\000l\000u\000s\000i\000o\000n}{}% 103
\BOOKMARK [0][-]{section*.88}{\376\377\000A\000p\000p\000e\000n\000d\000i\000c\000e\000s}{}% 104
\BOOKMARK [0][-]{appendix.A}{\376\377\000F\000o\000r\000m\000u\000l\000a\000t\000i\000o\000n\000\040\000o\000f\000\040\000Q\000F\000T}{}% 105
\BOOKMARK [1][-]{section.A.1}{\376\377\000F\000o\000r\000m\000u\000l\000a\000t\000i\000o\000n\000\040\000o\000f\000\040\000Q\000F\000T}{appendix.A}% 106
\BOOKMARK [0][-]{appendix.B}{\376\377\000S\000t\000a\000t\000i\000s\000t\000i\000c\000a\000l\000\040\000T\000r\000e\000a\000t\000m\000e\000n\000t}{}% 107
\BOOKMARK [1][-]{section.B.1}{\376\377\000T\000h\000e\000\040\000L\000i\000k\000e\000l\000i\000h\000o\000o\000d\000\040\000F\000u\000n\000c\000t\000i\000o\000n}{appendix.B}% 108
\BOOKMARK [1][-]{section.B.2}{\376\377\000G\000o\000o\000d\000n\000e\000s\000s\000\040\000o\000f\000\040\000F\000i\000t\000:\000\040\000M\000a\000x\000i\000m\000u\000m\000\040\000L\000i\000k\000e\000l\000i\000h\000o\000o\000d\000\040\000E\000s\000t\000i\000m\000a\000t\000i\000o\000n}{appendix.B}% 109
\BOOKMARK [2][-]{subsection.B.2.1}{\376\377\000T\000h\000e\000\040\000P\000r\000o\000f\000i\000l\000e\000\040\000L\000i\000k\000e\000l\000i\000h\000o\000o\000d}{section.B.2}% 110
\BOOKMARK [2][-]{subsection.B.2.2}{\376\377\000T\000h\000e\000\040\000S\000t\000a\000t\000i\000s\000t\000i\000c\000a\000l\000\040\000T\000e\000s\000t\000:\000\040\000P\000r\000o\000f\000i\000l\000e\000\040\000L\000o\000g\000\040\000L\000i\000k\000e\000l\000i\000h\000o\000o\000d\000\040\000R\000a\000t\000i\000o\000\040\000T\000e\000s\000t}{section.B.2}% 111
\BOOKMARK [2][-]{subsection.B.2.3}{\376\377\000T\000h\000e\000\040\000A\000s\000y\000m\000p\000t\000o\000t\000i\000c\000\040\000R\000e\000g\000i\000m\000e}{section.B.2}% 112
\BOOKMARK [2][-]{subsection.B.2.4}{\376\377\000B\000u\000i\000l\000d\000i\000n\000g\000\040\000t\000h\000e\000\040\000P\000r\000o\000f\000i\000l\000e\000\040\000L\000i\000k\000e\000l\000i\000h\000o\000o\000d\000:\000\040\000P\000s\000e\000u\000d\000o\000-\000E\000x\000p\000e\000r\000i\000m\000e\000n\000t\000s}{section.B.2}% 113
\BOOKMARK [2][-]{subsection.B.2.5}{\376\377\000S\000i\000g\000n\000i\000f\000i\000c\000a\000n\000c\000e\000\040\000a\000n\000d\000\040\000t\000h\000e\000\040\000C\000L\000s\000\040\000M\000e\000t\000h\000o\000d}{section.B.2}% 114
\BOOKMARK [0][-]{appendix.C}{\376\377\000B\000a\000s\000e\000l\000i\000n\000e\000\040\000O\000b\000j\000e\000c\000t\000\040\000S\000e\000l\000e\000c\000t\000i\000o\000n}{}% 115
\BOOKMARK [1][-]{subsection.C.0.1}{\376\377\000E\000l\000e\000c\000t\000r\000o\000n\000,\000\040\000M\000u\000o\000n\000,\000\040\000a\000n\000d\000\040\000J\000e\000t\000\040\000S\000e\000l\000e\000c\000t\000i\000o\000n\000\040\000S\000u\000m\000m\000a\000r\000y\000\040\000T\000a\000b\000l\000e\000s}{appendix.C}% 116
\BOOKMARK [2][-]{subsection.C.0.2}{\376\377\000P\000h\000o\000t\000o\000n\000\040\000S\000e\000l\000e\000c\000t\000i\000o\000n}{subsection.C.0.1}% 117
\BOOKMARK [2][-]{subsection.C.0.3}{\376\377\000M\000i\000s\000s\000i\000n\000g\000\040\000e\000n\000e\000r\000g\000y}{subsection.C.0.1}% 118
\BOOKMARK [2][-]{subsection.C.0.4}{\376\377\000O\000v\000e\000r\000l\000a\000p\000\040\000r\000e\000m\000o\000v\000a\000l}{subsection.C.0.1}% 119
\BOOKMARK [0][-]{appendix.D}{\376\377\000E\000v\000e\000n\000t\000\040\000D\000i\000s\000p\000l\000a\000y\000s}{}% 120
\BOOKMARK [0][-]{appendix*.97}{\376\377\000B\000i\000b\000l\000i\000o\000g\000r\000a\000p\000h\000y}{}% 121
